  grade_histogram.cpp
c:\users\geeky\onedrive\extra\workspace\visual studio\c++\grade9c++\quiz practice\grade_histogram\grade_histogram.cpp(10): error C2065: 'loop': undeclared identifier
c:\users\geeky\onedrive\extra\workspace\visual studio\c++\grade9c++\quiz practice\grade_histogram\grade_histogram.cpp(10): error C2143: syntax error: missing ';' before 'for'
c:\users\geeky\onedrive\extra\workspace\visual studio\c++\grade9c++\quiz practice\grade_histogram\grade_histogram.cpp(10): error C2061: syntax error: identifier 'number'
c:\users\geeky\onedrive\extra\workspace\visual studio\c++\grade9c++\quiz practice\grade_histogram\grade_histogram.cpp(11): error C2059: syntax error: ';'
c:\users\geeky\onedrive\extra\workspace\visual studio\c++\grade9c++\quiz practice\grade_histogram\grade_histogram.cpp(12): error C2143: syntax error: missing ';' before '{'
c:\users\geeky\onedrive\extra\workspace\visual studio\c++\grade9c++\quiz practice\grade_histogram\grade_histogram.cpp(22): error C2947: expecting '>' to terminate template-argument-list, found '>>'
c:\users\geeky\onedrive\extra\workspace\visual studio\c++\grade9c++\quiz practice\grade_histogram\grade_histogram.cpp(22): error C2143: syntax error: missing ';' before '>'
c:\users\geeky\onedrive\extra\workspace\visual studio\c++\grade9c++\quiz practice\grade_histogram\grade_histogram.cpp(11): warning C4551: function call missing argument list
c:\users\geeky\onedrive\extra\workspace\visual studio\c++\grade9c++\quiz practice\grade_histogram\grade_histogram.cpp(22): error C2059: syntax error: '>'
c:\users\geeky\onedrive\extra\workspace\visual studio\c++\grade9c++\quiz practice\grade_histogram\grade_histogram.cpp(23): error C2065: 'loop': undeclared identifier
c:\users\geeky\onedrive\extra\workspace\visual studio\c++\grade9c++\quiz practice\grade_histogram\grade_histogram.cpp(23): error C2143: syntax error: missing ';' before 'for'
c:\users\geeky\onedrive\extra\workspace\visual studio\c++\grade9c++\quiz practice\grade_histogram\grade_histogram.cpp(23): error C2061: syntax error: identifier 'incrementing'
c:\users\geeky\onedrive\extra\workspace\visual studio\c++\grade9c++\quiz practice\grade_histogram\grade_histogram.cpp(24): error C2065: 'numberGrades': undeclared identifier
c:\users\geeky\onedrive\extra\workspace\visual studio\c++\grade9c++\quiz practice\grade_histogram\grade_histogram.cpp(24): error C2059: syntax error: ';'
c:\users\geeky\onedrive\extra\workspace\visual studio\c++\grade9c++\quiz practice\grade_histogram\grade_histogram.cpp(25): error C2143: syntax error: missing ';' before '{'
c:\users\geeky\onedrive\extra\workspace\visual studio\c++\grade9c++\quiz practice\grade_histogram\grade_histogram.cpp(26): error C2947: expecting '>' to terminate template-argument-list, found '>>'
c:\users\geeky\onedrive\extra\workspace\visual studio\c++\grade9c++\quiz practice\grade_histogram\grade_histogram.cpp(26): error C2143: syntax error: missing ';' before '>'
c:\users\geeky\onedrive\extra\workspace\visual studio\c++\grade9c++\quiz practice\grade_histogram\grade_histogram.cpp(24): warning C4551: function call missing argument list
c:\users\geeky\onedrive\extra\workspace\visual studio\c++\grade9c++\quiz practice\grade_histogram\grade_histogram.cpp(26): error C2059: syntax error: '>'
c:\users\geeky\onedrive\extra\workspace\visual studio\c++\grade9c++\quiz practice\grade_histogram\grade_histogram.cpp(27): error C2065: 'incrementing': undeclared identifier
c:\users\geeky\onedrive\extra\workspace\visual studio\c++\grade9c++\quiz practice\grade_histogram\grade_histogram.cpp(27): error C2146: syntax error: missing ';' before identifier 'of'
c:\users\geeky\onedrive\extra\workspace\visual studio\c++\grade9c++\quiz practice\grade_histogram\grade_histogram.cpp(27): error C2065: 'of': undeclared identifier
c:\users\geeky\onedrive\extra\workspace\visual studio\c++\grade9c++\quiz practice\grade_histogram\grade_histogram.cpp(28): error C2146: syntax error: missing ';' before identifier 'grades'
c:\users\geeky\onedrive\extra\workspace\visual studio\c++\grade9c++\quiz practice\grade_histogram\grade_histogram.cpp(27): error C2065: 'grades': undeclared identifier
c:\users\geeky\onedrive\extra\workspace\visual studio\c++\grade9c++\quiz practice\grade_histogram\grade_histogram.cpp(28): error C2143: syntax error: missing ';' before 'switch'
c:\users\geeky\onedrive\extra\workspace\visual studio\c++\grade9c++\quiz practice\grade_histogram\grade_histogram.cpp(28): error C2065: 'grade': undeclared identifier
c:\users\geeky\onedrive\extra\workspace\visual studio\c++\grade9c++\quiz practice\grade_histogram\grade_histogram.cpp(29): error C2050: switch expression not integral
c:\users\geeky\onedrive\extra\workspace\visual studio\c++\grade9c++\quiz practice\grade_histogram\grade_histogram.cpp(31): error C2065: 'a': undeclared identifier
c:\users\geeky\onedrive\extra\workspace\visual studio\c++\grade9c++\quiz practice\grade_histogram\grade_histogram.cpp(34): error C2065: 'b': undeclared identifier
c:\users\geeky\onedrive\extra\workspace\visual studio\c++\grade9c++\quiz practice\grade_histogram\grade_histogram.cpp(37): error C2065: 'c': undeclared identifier
c:\users\geeky\onedrive\extra\workspace\visual studio\c++\grade9c++\quiz practice\grade_histogram\grade_histogram.cpp(40): error C2065: 'd': undeclared identifier
c:\users\geeky\onedrive\extra\workspace\visual studio\c++\grade9c++\quiz practice\grade_histogram\grade_histogram.cpp(43): error C2065: 'f': undeclared identifier
c:\users\geeky\onedrive\extra\workspace\visual studio\c++\grade9c++\quiz practice\grade_histogram\grade_histogram.cpp(48): error C4430: missing type specifier - int assumed. Note: C++ does not support default-int
c:\users\geeky\onedrive\extra\workspace\visual studio\c++\grade9c++\quiz practice\grade_histogram\grade_histogram.cpp(48): error C2146: syntax error: missing ';' before identifier 'histogram'
c:\users\geeky\onedrive\extra\workspace\visual studio\c++\grade9c++\quiz practice\grade_histogram\grade_histogram.cpp(48): error C2143: syntax error: missing ';' before '{'
c:\users\geeky\onedrive\extra\workspace\visual studio\c++\grade9c++\quiz practice\grade_histogram\grade_histogram.cpp(48): error C2447: '{': missing function header (old-style formal list?)
c:\users\geeky\onedrive\extra\workspace\visual studio\c++\grade9c++\quiz practice\grade_histogram\grade_histogram.cpp(71): error C4430: missing type specifier - int assumed. Note: C++ does not support default-int
c:\users\geeky\onedrive\extra\workspace\visual studio\c++\grade9c++\quiz practice\grade_histogram\grade_histogram.cpp(71): error C2146: syntax error: missing ';' before identifier 'mode'
c:\users\geeky\onedrive\extra\workspace\visual studio\c++\grade9c++\quiz practice\grade_histogram\grade_histogram.cpp(71): error C2143: syntax error: missing ';' before '{'
c:\users\geeky\onedrive\extra\workspace\visual studio\c++\grade9c++\quiz practice\grade_histogram\grade_histogram.cpp(71): error C2447: '{': missing function header (old-style formal list?)
c:\users\geeky\onedrive\extra\workspace\visual studio\c++\grade9c++\quiz practice\grade_histogram\grade_histogram.cpp(98): error C2059: syntax error: '}'
c:\users\geeky\onedrive\extra\workspace\visual studio\c++\grade9c++\quiz practice\grade_histogram\grade_histogram.cpp(98): error C2143: syntax error: missing ';' before '}'
